<?xml version="1.0" encoding="UTF-8"?>
<testsuite name="Linux-c++"
	tests="12"
	failures="0"
	disabled="0"
	skipped="0"
	hostname="a176f0e67719"
	time="0"
	timestamp="2024-10-08T15:47:34"
	>
	<testcase name="LibGen::BuildInfoTest: all" classname="LibGen::BuildInfoTest: all" time="0.00420467" status="run">
		<system-out>[doctest] doctest version is "2.4.11"
[doctest] run with "--help" for options
===============================================================================
[doctest] test cases:  1 |  1 passed | 0 failed | 1 skipped
[doctest] assertions: 14 | 14 passed | 0 failed |
[doctest] Status: SUCCESS!
</system-out>
	</testcase>
	<testcase name="LibGen::StringUtilsTest: all" classname="LibGen::StringUtilsTest: all" time="0.00455835" status="run">
		<system-out>[doctest] doctest version is "2.4.11"
[doctest] run with "--help" for options
===============================================================================
[doctest] test cases:  1 |  1 passed | 0 failed | 1 skipped
[doctest] assertions: 33 | 33 passed | 0 failed |
[doctest] Status: SUCCESS!
</system-out>
	</testcase>
	<testcase name="LibCodec::CodecFast:all" classname="LibCodec::CodecFast:all" time="0.00369454" status="run">
		<system-out>[doctest] doctest version is "2.4.11"
[doctest] run with "--help" for options
===============================================================================
[doctest] test cases: 1 | 1 passed | 0 failed | 7 skipped
[doctest] assertions: 1 | 1 passed | 0 failed |
[doctest] Status: SUCCESS!
</system-out>
	</testcase>
	<testcase name="LibCodec::CodecSlow:all" classname="LibCodec::CodecSlow:all" time="0.00408164" status="run">
		<system-out>[doctest] doctest version is "2.4.11"
[doctest] run with "--help" for options
===============================================================================
[doctest] test cases: 1 | 1 passed | 0 failed | 7 skipped
[doctest] assertions: 1 | 1 passed | 0 failed |
[doctest] Status: SUCCESS!
</system-out>
	</testcase>
	<testcase name="LibCodec::EnumChannelDirectionTest: toString" classname="LibCodec::EnumChannelDirectionTest: toString" time="0.00417274" status="run">
		<system-out>[doctest] doctest version is "2.4.11"
[doctest] run with "--help" for options
===============================================================================
[doctest] test cases: 1 | 1 passed | 0 failed | 7 skipped
[doctest] assertions: 3 | 3 passed | 0 failed |
[doctest] Status: SUCCESS!
</system-out>
	</testcase>
	<testcase name="LibCodec::EnumChannelDirectionTest: fromString" classname="LibCodec::EnumChannelDirectionTest: fromString" time="0.00424983" status="run">
		<system-out>[doctest] doctest version is "2.4.11"
[doctest] run with "--help" for options
===============================================================================
[doctest] test cases: 1 | 1 passed | 0 failed | 7 skipped
[doctest] assertions: 4 | 4 passed | 0 failed |
[doctest] Status: SUCCESS!
</system-out>
	</testcase>
	<testcase name="LibCodec::EnumChannelDirectionTest: isConvertibleFrom" classname="LibCodec::EnumChannelDirectionTest: isConvertibleFrom" time="0.00450845" status="run">
		<system-out>[doctest] doctest version is "2.4.11"
[doctest] run with "--help" for options
===============================================================================
[doctest] test cases: 1 | 1 passed | 0 failed | 7 skipped
[doctest] assertions: 4 | 4 passed | 0 failed |
[doctest] Status: SUCCESS!
</system-out>
	</testcase>
	<testcase name="LibCodec::EnumChannelDirectionTest: fromUnsigned" classname="LibCodec::EnumChannelDirectionTest: fromUnsigned" time="0.0100566" status="run">
		<system-out>[doctest] doctest version is "2.4.11"
[doctest] run with "--help" for options
===============================================================================
[doctest] test cases: 1 | 1 passed | 0 failed | 7 skipped
[doctest] assertions: 4 | 4 passed | 0 failed |
[doctest] Status: SUCCESS!
</system-out>
	</testcase>
	<testcase name="LibCodec::EnumChannelDirectionTest: listAsString" classname="LibCodec::EnumChannelDirectionTest: listAsString" time="0.00443644" status="run">
		<system-out>[doctest] doctest version is "2.4.11"
[doctest] run with "--help" for options
===============================================================================
[doctest] test cases: 1 | 1 passed | 0 failed | 7 skipped
[doctest] assertions: 1 | 1 passed | 0 failed |
[doctest] Status: SUCCESS!
</system-out>
	</testcase>
	<testcase name="LibCodec::EnumChannelDirectionTest: ostreamOperator" classname="LibCodec::EnumChannelDirectionTest: ostreamOperator" time="0.00426523" status="run">
		<system-out>[doctest] doctest version is "2.4.11"
[doctest] run with "--help" for options
===============================================================================
[doctest] test cases: 1 | 1 passed | 0 failed | 7 skipped
[doctest] assertions: 1 | 1 passed | 0 failed |
[doctest] Status: SUCCESS!
</system-out>
	</testcase>
	<testcase name="main::Properties:all" classname="main::Properties:all" time="0.00284907" status="run">
		<system-out>[doctest] doctest version is "2.4.11"
[doctest] run with "--help" for options
===============================================================================
[doctest] test cases: 1 | 1 passed | 0 failed | 1 skipped
[doctest] assertions: 1 | 1 passed | 0 failed |
[doctest] Status: SUCCESS!
</system-out>
	</testcase>
	<testcase name="main::RedFlame:all" classname="main::RedFlame:all" time="0.00293" status="run">
		<system-out>[doctest] doctest version is "2.4.11"
[doctest] run with "--help" for options
===============================================================================
[doctest] test cases: 1 | 1 passed | 0 failed | 1 skipped
[doctest] assertions: 1 | 1 passed | 0 failed |
[doctest] Status: SUCCESS!
</system-out>
	</testcase>
</testsuite>
