<?xml version="1.0" encoding="UTF-8"?>
<testsuite name="Linux-c++"
	tests="12"
	failures="0"
	disabled="0"
	skipped="0"
	hostname="8a70946b5a6d"
	time="0"
	timestamp="2024-10-19T07:21:32"
	>
	<testcase name="LibGen::BuildInfoTest: all" classname="LibGen::BuildInfoTest: all" time="0.00457983" status="run">
		<system-out>[doctest] doctest version is "2.4.11"
[doctest] run with "--help" for options
===============================================================================
[doctest] test cases:  1 |  1 passed | 0 failed | 1 skipped
[doctest] assertions: 15 | 15 passed | 0 failed |
[doctest] Status: SUCCESS!
</system-out>
	</testcase>
	<testcase name="LibGen::StringUtilsTest: all" classname="LibGen::StringUtilsTest: all" time="0.00517414" status="run">
		<system-out>[doctest] doctest version is "2.4.11"
[doctest] run with "--help" for options
===============================================================================
[doctest] test cases:  1 |  1 passed | 0 failed | 1 skipped
[doctest] assertions: 33 | 33 passed | 0 failed |
[doctest] Status: SUCCESS!
</system-out>
	</testcase>
	<testcase name="LibCodec::CodecFast:all" classname="LibCodec::CodecFast:all" time="0.00459292" status="run">
		<system-out>[doctest] doctest version is "2.4.11"
[doctest] run with "--help" for options
===============================================================================
[doctest] test cases: 1 | 1 passed | 0 failed | 7 skipped
[doctest] assertions: 1 | 1 passed | 0 failed |
[doctest] Status: SUCCESS!
</system-out>
	</testcase>
	<testcase name="LibCodec::CodecSlow:all" classname="LibCodec::CodecSlow:all" time="0.00494604" status="run">
		<system-out>[doctest] doctest version is "2.4.11"
[doctest] run with "--help" for options
===============================================================================
[doctest] test cases: 1 | 1 passed | 0 failed | 7 skipped
[doctest] assertions: 1 | 1 passed | 0 failed |
[doctest] Status: SUCCESS!
</system-out>
	</testcase>
	<testcase name="LibCodec::EnumChannelDirectionTest: toString" classname="LibCodec::EnumChannelDirectionTest: toString" time="0.00460253" status="run">
		<system-out>[doctest] doctest version is "2.4.11"
[doctest] run with "--help" for options
===============================================================================
[doctest] test cases: 1 | 1 passed | 0 failed | 7 skipped
[doctest] assertions: 3 | 3 passed | 0 failed |
[doctest] Status: SUCCESS!
</system-out>
	</testcase>
	<testcase name="LibCodec::EnumChannelDirectionTest: fromString" classname="LibCodec::EnumChannelDirectionTest: fromString" time="0.00533506" status="run">
		<system-out>[doctest] doctest version is "2.4.11"
[doctest] run with "--help" for options
===============================================================================
[doctest] test cases: 1 | 1 passed | 0 failed | 7 skipped
[doctest] assertions: 4 | 4 passed | 0 failed |
[doctest] Status: SUCCESS!
</system-out>
	</testcase>
	<testcase name="LibCodec::EnumChannelDirectionTest: isConvertibleFrom" classname="LibCodec::EnumChannelDirectionTest: isConvertibleFrom" time="0.00483621" status="run">
		<system-out>[doctest] doctest version is "2.4.11"
[doctest] run with "--help" for options
===============================================================================
[doctest] test cases: 1 | 1 passed | 0 failed | 7 skipped
[doctest] assertions: 4 | 4 passed | 0 failed |
[doctest] Status: SUCCESS!
</system-out>
	</testcase>
	<testcase name="LibCodec::EnumChannelDirectionTest: fromUnsigned" classname="LibCodec::EnumChannelDirectionTest: fromUnsigned" time="0.00593336" status="run">
		<system-out>[doctest] doctest version is "2.4.11"
[doctest] run with "--help" for options
===============================================================================
[doctest] test cases: 1 | 1 passed | 0 failed | 7 skipped
[doctest] assertions: 4 | 4 passed | 0 failed |
[doctest] Status: SUCCESS!
</system-out>
	</testcase>
	<testcase name="LibCodec::EnumChannelDirectionTest: listAsString" classname="LibCodec::EnumChannelDirectionTest: listAsString" time="0.00456733" status="run">
		<system-out>[doctest] doctest version is "2.4.11"
[doctest] run with "--help" for options
===============================================================================
[doctest] test cases: 1 | 1 passed | 0 failed | 7 skipped
[doctest] assertions: 1 | 1 passed | 0 failed |
[doctest] Status: SUCCESS!
</system-out>
	</testcase>
	<testcase name="LibCodec::EnumChannelDirectionTest: ostreamOperator" classname="LibCodec::EnumChannelDirectionTest: ostreamOperator" time="0.00467819" status="run">
		<system-out>[doctest] doctest version is "2.4.11"
[doctest] run with "--help" for options
===============================================================================
[doctest] test cases: 1 | 1 passed | 0 failed | 7 skipped
[doctest] assertions: 1 | 1 passed | 0 failed |
[doctest] Status: SUCCESS!
</system-out>
	</testcase>
	<testcase name="main::Properties:all" classname="main::Properties:all" time="0.00316894" status="run">
		<system-out>[doctest] doctest version is "2.4.11"
[doctest] run with "--help" for options
===============================================================================
[doctest] test cases: 1 | 1 passed | 0 failed | 1 skipped
[doctest] assertions: 1 | 1 passed | 0 failed |
[doctest] Status: SUCCESS!
</system-out>
	</testcase>
	<testcase name="main::RedFlame:all" classname="main::RedFlame:all" time="0.00325609" status="run">
		<system-out>[doctest] doctest version is "2.4.11"
[doctest] run with "--help" for options
===============================================================================
[doctest] test cases: 1 | 1 passed | 0 failed | 1 skipped
[doctest] assertions: 1 | 1 passed | 0 failed |
[doctest] Status: SUCCESS!
</system-out>
	</testcase>
</testsuite>
